[debug] [2021-04-09T13:33:21.674Z] ----------------------------------------------------------------------
[debug] [2021-04-09T13:33:21.675Z] Command:       C:\Program Files\nodejs\node.exe C:\Users\Daniyal\AppData\Roaming\npm\node_modules\firebase-tools\lib\bin\firebase.js init
[debug] [2021-04-09T13:33:21.676Z] CLI Version:   9.9.0
[debug] [2021-04-09T13:33:21.676Z] Platform:      win32
[debug] [2021-04-09T13:33:21.676Z] Node Version:  v14.16.0
[debug] [2021-04-09T13:33:21.677Z] Time:          Fri Apr 09 2021 18:33:21 GMT+0500 (Pakistan Standard Time)
[debug] [2021-04-09T13:33:21.677Z] ----------------------------------------------------------------------
[debug] 
[debug] [2021-04-09T13:33:21.682Z] > command requires scopes: ["email","openid","https://www.googleapis.com/auth/cloudplatformprojects.readonly","https://www.googleapis.com/auth/firebase","https://www.googleapis.com/auth/cloud-platform"]
[debug] [2021-04-09T13:33:21.682Z] > authorizing via signed-in user (daniyalnaeem5@gmail.com)
[info] 
     ######## #### ########  ######## ########     ###     ######  ########
     ##        ##  ##     ## ##       ##     ##  ##   ##  ##       ##
     ######    ##  ########  ######   ########  #########  ######  ######
     ##        ##  ##    ##  ##       ##     ## ##     ##       ## ##
     ##       #### ##     ## ######## ########  ##     ##  ######  ########

You're about to initialize a Firebase project in this directory:

  C:\Users\Daniyal\Downloads\bingo-master\bingo-master

Before we get started, keep in mind:

  * You are initializing in an existing Firebase project directory

[info] 
=== Project Setup
[info] 
[info] First, let's associate this project directory with a Firebase project.
[info] You can create multiple project aliases by running firebase use --add, 
[info] but for now we'll just set up a default project.
[info] 
[debug] [2021-04-09T13:33:53.560Z] >>> [apiv2][query] GET https://firebase.googleapis.com/v1beta1/projects pageSize=100
[debug] [2021-04-09T13:33:54.190Z] <<< [apiv2][status] GET https://firebase.googleapis.com/v1beta1/projects 200
[debug] [2021-04-09T13:33:54.190Z] <<< [apiv2][body] GET https://firebase.googleapis.com/v1beta1/projects [omitted]
[info] i  Using project bingo-app-react (Bingo-App-React) 
[info] 
=== Hosting Setup
[info] 
[info] Your public directory is the folder (relative to your project directory) that
[info] will contain Hosting assets to be uploaded with firebase deploy. If you
[info] have a build process for your assets, use your build's output directory.
[info] 
[debug] [2021-04-09T13:34:20.460Z] >>> [apiv2][query] GET https://www.gstatic.com/firebasejs/releases.json [none]
[debug] [2021-04-09T13:34:21.132Z] <<< [apiv2][status] GET https://www.gstatic.com/firebasejs/releases.json 200
[debug] [2021-04-09T13:34:21.133Z] <<< [apiv2][body] GET https://www.gstatic.com/firebasejs/releases.json {"current":{"version":"8.3.3","browserURL":"https://www.gstatic.com/firebasejs/8.3.3/firebase.js","packageURL":"https://www.gstatic.com/firebasejs/8.3.3/firebase.tgz"},"live":{"version":"8.3","browserURL":"https://www.gstatic.com/firebasejs/live/8.3/firebase.js","packageURL":"https://www.gstatic.com/firebasejs/live/8.3/firebase.tgz"},"components":{"analytics":"https://www.gstatic.com/firebasejs/8.3.3/firebase-analytics.js","app":"https://www.gstatic.com/firebasejs/8.3.3/firebase-app.js","auth":"https://www.gstatic.com/firebasejs/8.3.3/firebase-auth.js","database":"https://www.gstatic.com/firebasejs/8.3.3/firebase-database.js","firestore":"https://www.gstatic.com/firebasejs/8.3.3/firebase-firestore.js","functions":"https://www.gstatic.com/firebasejs/8.3.3/firebase-functions.js","installations":"https://www.gstatic.com/firebasejs/8.3.3/firebase-installations.js","messaging":"https://www.gstatic.com/firebasejs/8.3.3/firebase-messaging.js","storage":"https://www.gstatic.com/firebasejs/8.3.3/firebase-storage.js","performance":"https://www.gstatic.com/firebasejs/8.3.3/firebase-performance.js","remote-config":"https://www.gstatic.com/firebasejs/8.3.3/firebase-remote-config.js","firestore.memory":"https://www.gstatic.com/firebasejs/8.3.3/firebase-firestore.memory.js"}}
[info] +  Wrote y/index.html 
[info] 
[info] i  Didn't detect a .git folder. Assuming C:\Users\Daniyal\Downloads\bingo-master\bingo-master is the project root. 
[info] i  Authorizing with GitHub to upload your service account to a GitHub repository's secrets store. 
[info] 
[info] Visit this URL on this device to log in:
[info] https://github.com/login/oauth/authorize?client_id=89cf50f02ac6aaed3484&state=313285985&redirect_uri=http%3A%2F%2Flocalhost%3A9005&scope=read%3Auser%20repo%20public_repo
[info] 
[info] Waiting for authentication...
[debug] [2021-04-09T13:34:21.940Z] >>> HTTP REQUEST POST https://github.com/login/oauth/access_token  
 {"client_id":"89cf50f02ac6aaed3484","client_secret":"3330d14abc895d9a74d5f17cd7a00711fa2c5bf0","code":"aba2e0f3c53a8bfdd902","redirect_uri":"http://localhost:9005","state":"313285985"}
[debug] [2021-04-09T13:34:22.419Z] <<< HTTP RESPONSE 200 {"server":"GitHub.com","date":"Fri, 09 Apr 2021 13:34:22 GMT","content-type":"application/json; charset=utf-8","transfer-encoding":"chunked","vary":"X-PJAX, Accept-Encoding, Accept, X-Requested-With","etag":"W/\"e3df0afa3822848ea2bce99ff8c2bf84\"","cache-control":"max-age=0, private, must-revalidate","strict-transport-security":"max-age=31536000; includeSubdomains; preload","x-frame-options":"deny","x-content-type-options":"nosniff","x-xss-protection":"0","referrer-policy":"origin-when-cross-origin, strict-origin-when-cross-origin","expect-ct":"max-age=2592000, report-uri=\"https://api.github.com/_private/browser/errors\"","content-security-policy":"default-src 'none'; base-uri 'self'; block-all-mixed-content; connect-src 'self' uploads.github.com www.githubstatus.com collector.githubapp.com api.github.com github-cloud.s3.amazonaws.com github-production-repository-file-5c1aeb.s3.amazonaws.com github-production-upload-manifest-file-7fdce7.s3.amazonaws.com github-production-user-asset-6210df.s3.amazonaws.com cdn.optimizely.com logx.optimizely.com/v1/events wss://alive.github.com; font-src github.githubassets.com; form-action 'self' github.com gist.github.com; frame-ancestors 'none'; frame-src render.githubusercontent.com; img-src 'self' data: github.githubassets.com identicons.github.com collector.githubapp.com github-cloud.s3.amazonaws.com secured-user-images.githubusercontent.com/ *.githubusercontent.com; manifest-src 'self'; media-src 'none'; script-src github.githubassets.com; style-src 'unsafe-inline' github.githubassets.com; worker-src github.com/socket-worker-3f088aa2.js gist.github.com/socket-worker-3f088aa2.js","x-github-request-id":"DF94:15B9:4CF4E5:53DFFF:607057DD"}
[debug] [2021-04-09T13:34:22.431Z] >>> [apiv2][query] GET https://api.github.com/user [none]
[debug] [2021-04-09T13:34:22.952Z] <<< [apiv2][status] GET https://api.github.com/user 200
[debug] [2021-04-09T13:34:22.953Z] <<< [apiv2][body] GET https://api.github.com/user {"login":"Daniyal-Naeem","id":14074089,"node_id":"MDQ6VXNlcjE0MDc0MDg5","avatar_url":"https://avatars.githubusercontent.com/u/14074089?v=4","gravatar_id":"","url":"https://api.github.com/users/Daniyal-Naeem","html_url":"https://github.com/Daniyal-Naeem","followers_url":"https://api.github.com/users/Daniyal-Naeem/followers","following_url":"https://api.github.com/users/Daniyal-Naeem/following{/other_user}","gists_url":"https://api.github.com/users/Daniyal-Naeem/gists{/gist_id}","starred_url":"https://api.github.com/users/Daniyal-Naeem/starred{/owner}{/repo}","subscriptions_url":"https://api.github.com/users/Daniyal-Naeem/subscriptions","organizations_url":"https://api.github.com/users/Daniyal-Naeem/orgs","repos_url":"https://api.github.com/users/Daniyal-Naeem/repos","events_url":"https://api.github.com/users/Daniyal-Naeem/events{/privacy}","received_events_url":"https://api.github.com/users/Daniyal-Naeem/received_events","type":"User","site_admin":false,"name":"Daniyal Naeem","company":null,"blog":"","location":"Islamabad","email":"daniyalnaeem5@gmail.com","hireable":null,"bio":"Reactjs Engineer","twitter_username":null,"public_repos":38,"public_gists":0,"followers":1,"following":2,"created_at":"2015-09-01T12:57:58Z","updated_at":"2021-04-09T13:15:18Z","private_gists":0,"total_private_repos":0,"owned_private_repos":0,"disk_usage":244616,"collaborators":0,"two_factor_authentication":false,"plan":{"name":"free","space":976562499,"collaborators":0,"private_repos":10000}}
[info] 
[info] +  Success! Logged into GitHub as Daniyal-Naeem 
[info] 
[debug] [2021-04-09T13:35:28.277Z] >>> [apiv2][query] GET https://api.github.com/repos/https://github.com/Daniyal-Naeem/Bingo-Complete/actions/secrets/public-key type=owner
[debug] [2021-04-09T13:35:29.016Z] <<< [apiv2][status] GET https://api.github.com/repos/https://github.com/Daniyal-Naeem/Bingo-Complete/actions/secrets/public-key 404
[debug] [2021-04-09T13:35:29.016Z] <<< [apiv2][body] GET https://api.github.com/repos/https://github.com/Daniyal-Naeem/Bingo-Complete/actions/secrets/public-key {"message":"Not Found","documentation_url":"https://docs.github.com/rest"}
[debug] [2021-04-09T13:35:43.921Z] >>> [apiv2][query] GET https://api.github.com/repos//actions/secrets/public-key type=owner
[debug] [2021-04-09T13:35:44.354Z] <<< [apiv2][status] GET https://api.github.com/repos//actions/secrets/public-key 404
[debug] [2021-04-09T13:35:44.354Z] <<< [apiv2][body] GET https://api.github.com/repos//actions/secrets/public-key {"message":"Not Found","documentation_url":"https://docs.github.com/rest"}
[debug] [2021-04-09T13:35:44.578Z] >>> [apiv2][query] GET https://api.github.com/repos//actions/secrets/public-key type=owner
[debug] [2021-04-09T13:35:45.017Z] <<< [apiv2][status] GET https://api.github.com/repos//actions/secrets/public-key 404
[debug] [2021-04-09T13:35:45.017Z] <<< [apiv2][body] GET https://api.github.com/repos//actions/secrets/public-key {"message":"Not Found","documentation_url":"https://docs.github.com/rest"}
[debug] [2021-04-09T13:35:56.403Z] >>> [apiv2][query] GET https://api.github.com/repos/Bingo-App-React/actions/secrets/public-key type=owner
[debug] [2021-04-09T13:35:56.861Z] <<< [apiv2][status] GET https://api.github.com/repos/Bingo-App-React/actions/secrets/public-key 404
[debug] [2021-04-09T13:35:56.862Z] <<< [apiv2][body] GET https://api.github.com/repos/Bingo-App-React/actions/secrets/public-key {"message":"Not Found","documentation_url":"https://docs.github.com/rest"}
[debug] [2021-04-09T13:36:00.424Z] >>> [apiv2][query] GET https://api.github.com/repos/n/actions/secrets/public-key type=owner
[debug] [2021-04-09T13:36:00.907Z] <<< [apiv2][status] GET https://api.github.com/repos/n/actions/secrets/public-key 404
[debug] [2021-04-09T13:36:00.908Z] <<< [apiv2][body] GET https://api.github.com/repos/n/actions/secrets/public-key {"message":"Not Found","documentation_url":"https://docs.github.com/rest"}
[debug] [2021-04-09T13:36:12.732Z] >>> [apiv2][query] GET https://api.github.com/repos/Daniyal-Naeem/actions/secrets/public-key type=owner
[debug] [2021-04-09T13:36:13.396Z] <<< [apiv2][status] GET https://api.github.com/repos/Daniyal-Naeem/actions/secrets/public-key 404
[debug] [2021-04-09T13:36:13.396Z] <<< [apiv2][body] GET https://api.github.com/repos/Daniyal-Naeem/actions/secrets/public-key {"message":"Not Found","documentation_url":"https://docs.github.com/rest"}
[debug] [2021-04-09T13:37:03.537Z] >>> [apiv2][query] GET https://api.github.com/repos/Daniyal-Naeem/actions/secrets/public-key type=owner
[debug] [2021-04-09T13:37:03.538Z] >>> [apiv2][query] GET https://api.github.com/repos///actions/secrets/public-key type=owner
[debug] [2021-04-09T13:37:03.985Z] <<< [apiv2][status] GET https://api.github.com/repos///actions/secrets/public-key 404
[debug] [2021-04-09T13:37:03.985Z] <<< [apiv2][body] GET https://api.github.com/repos///actions/secrets/public-key {"message":"Not Found","documentation_url":"https://docs.github.com/rest"}
[debug] [2021-04-09T13:37:03.994Z] <<< [apiv2][status] GET https://api.github.com/repos/Daniyal-Naeem/actions/secrets/public-key 404
[debug] [2021-04-09T13:37:03.994Z] <<< [apiv2][body] GET https://api.github.com/repos/Daniyal-Naeem/actions/secrets/public-key {"message":"Not Found","documentation_url":"https://docs.github.com/rest"}
[debug] [2021-04-09T13:37:05.527Z] >>> [apiv2][query] GET https://api.github.com/repos/Bingo-Complete/actions/secrets/public-key type=owner
[debug] [2021-04-09T13:37:05.968Z] <<< [apiv2][status] GET https://api.github.com/repos/Bingo-Complete/actions/secrets/public-key 404
[debug] [2021-04-09T13:37:05.968Z] <<< [apiv2][body] GET https://api.github.com/repos/Bingo-Complete/actions/secrets/public-key {"message":"Not Found","documentation_url":"https://docs.github.com/rest"}
[debug] [2021-04-09T13:37:08.651Z] >>> [apiv2][query] GET https://api.github.com/repos/Daniyal-Naeem/actions/secrets/public-key type=owner
[debug] [2021-04-09T13:37:08.652Z] >>> [apiv2][query] GET https://api.github.com/repos///actions/secrets/public-key type=owner
[debug] [2021-04-09T13:37:09.084Z] <<< [apiv2][status] GET https://api.github.com/repos///actions/secrets/public-key 404
[debug] [2021-04-09T13:37:09.084Z] <<< [apiv2][body] GET https://api.github.com/repos///actions/secrets/public-key {"message":"Not Found","documentation_url":"https://docs.github.com/rest"}
[debug] [2021-04-09T13:37:09.096Z] <<< [apiv2][status] GET https://api.github.com/repos/Daniyal-Naeem/actions/secrets/public-key 404
[debug] [2021-04-09T13:37:09.096Z] <<< [apiv2][body] GET https://api.github.com/repos/Daniyal-Naeem/actions/secrets/public-key {"message":"Not Found","documentation_url":"https://docs.github.com/rest"}
